[    0.000000] Initializing cgroup subsys cpuset
[    0.000000] Initializing cgroup subsys cpu
[    0.000000] Initializing cgroup subsys cpuacct
[    0.000000] Linux version 4.4.0-210-generic (buildd@lgw01-amd64-009) (gcc version 5.4.0 20160609 (Ubuntu 5.4.0-6ubuntu1~16.04.12) ) #242-Ubuntu SMP Fri Apr 16 09:57:56 UTC 2021 (Ubuntu 4.4.0-210.242-generic 4.4.262)
[    0.000000] Command line: BOOT_IMAGE=/boot/vmlinuz-4.4.0-210-generic root=LABEL=cloudimg-rootfs ro console=tty1 console=ttyS0
[    0.000000] KERNEL supported cpus:
[    0.000000]   Intel GenuineIntel
[    0.000000]   AMD AuthenticAMD
[    0.000000]   Centaur CentaurHauls
[    0.000000] x86/fpu: Legacy x87 FPU detected.
[    0.000000] e820: BIOS-provided physical RAM map:
[    0.000000] BIOS-e820: [mem 0x0000000000000000-0x000000000009fbff] usable
[    0.000000] BIOS-e820: [mem 0x000000000009fc00-0x000000000009ffff] reserved
[    0.000000] BIOS-e820: [mem 0x00000000000f0000-0x00000000000fffff] reserved
[    0.000000] BIOS-e820: [mem 0x0000000000100000-0x000000003ffeffff] usable
[    0.000000] BIOS-e820: [mem 0x000000003fff0000-0x000000003fffffff] ACPI data
[    0.000000] BIOS-e820: [mem 0x00000000fec00000-0x00000000fec00fff] reserved
[    0.000000] BIOS-e820: [mem 0x00000000fee00000-0x00000000fee00fff] reserved
[    0.000000] BIOS-e820: [mem 0x00000000fffc0000-0x00000000ffffffff] reserved
[    0.000000] NX (Execute Disable) protection: active
[    0.000000] SMBIOS 2.5 present.
[    0.000000] Hypervisor detected: KVM
[    0.000000] Kernel/User page tables isolation: disabled
[    0.000000] e820: last_pfn = 0x3fff0 max_arch_pfn = 0x400000000
[    0.000000] MTRR: Disabled
[    0.000000] x86/PAT: MTRRs disabled, skipping PAT initialization too.
[    0.000000] CPU MTRRs all blank - virtualized system.
[    0.000000] x86/PAT: Configuration [0-7]: WB  WT  UC- UC  WB  WT  UC- UC  
[    0.000000] found SMP MP-table at [mem 0x0009fff0-0x0009ffff] mapped at [ffff88000009fff0]
[    0.000000] Scanning 1 areas for low memory corruption
[    0.000000] RAMDISK: [mem 0x362dc000-0x37165fff]
[    0.000000] ACPI: Early table checksum verification disabled
[    0.000000] ACPI: RSDP 0x00000000000E0000 000024 (v02 VBOX  )
[    0.000000] ACPI: XSDT 0x000000003FFF0030 00003C (v01 VBOX   VBOXXSDT 00000001 ASL  00000061)
[    0.000000] ACPI: FACP 0x000000003FFF00F0 0000F4 (v04 VBOX   VBOXFACP 00000001 ASL  00000061)
[    0.000000] ACPI: DSDT 0x000000003FFF0470 002325 (v02 VBOX   VBOXBIOS 00000002 INTL 20100528)
[    0.000000] ACPI: FACS 0x000000003FFF0200 000040
[    0.000000] ACPI: FACS 0x000000003FFF0200 000040
[    0.000000] ACPI: APIC 0x000000003FFF0240 00005C (v02 VBOX   VBOXAPIC 00000001 ASL  00000061)
[    0.000000] ACPI: SSDT 0x000000003FFF02A0 0001CC (v01 VBOX   VBOXCPUT 00000002 INTL 20100528)
[    0.000000] No NUMA configuration found
[    0.000000] Faking a node at [mem 0x0000000000000000-0x000000003ffeffff]
[    0.000000] NODE_DATA(0) allocated [mem 0x3ffeb000-0x3ffeffff]
[    0.000000] kvm-clock: Using msrs 4b564d01 and 4b564d00
[    0.000000] kvm-clock: cpu 0, msr 0:3ffe3001, primary cpu clock
[    0.000000] kvm-clock: using sched offset of 6561474927 cycles
[    0.000000] clocksource: kvm-clock: mask: 0xffffffffffffffff max_cycles: 0x1cd42e4dffb, max_idle_ns: 881590591483 ns
[    0.000000] Zone ranges:
[    0.000000]   DMA      [mem 0x0000000000001000-0x0000000000ffffff]
[    0.000000]   DMA32    [mem 0x0000000001000000-0x000000003ffeffff]
[    0.000000]   Normal   empty
[    0.000000]   Device   empty
[    0.000000] Movable zone start for each node
[    0.000000] Early memory node ranges
[    0.000000]   node   0: [mem 0x0000000000001000-0x000000000009efff]
[    0.000000]   node   0: [mem 0x0000000000100000-0x000000003ffeffff]
[    0.000000] Initmem setup node 0 [mem 0x0000000000001000-0x000000003ffeffff]
[    0.000000] ACPI: PM-Timer IO Port: 0x4008
[    0.000000] IOAPIC[0]: apic_id 2, version 32, address 0xfec00000, GSI 0-23
[    0.000000] ACPI: INT_SRC_OVR (bus 0 bus_irq 0 global_irq 2 dfl dfl)
[    0.000000] ACPI: INT_SRC_OVR (bus 0 bus_irq 9 global_irq 9 low level)
[    0.000000] Using ACPI (MADT) for SMP configuration information
[    0.000000] smpboot: Allowing 2 CPUs, 0 hotplug CPUs
[    0.000000] PM: Registered nosave memory: [mem 0x00000000-0x00000fff]
[    0.000000] PM: Registered nosave memory: [mem 0x0009f000-0x0009ffff]
[    0.000000] PM: Registered nosave memory: [mem 0x000a0000-0x000effff]
[    0.000000] PM: Registered nosave memory: [mem 0x000f0000-0x000fffff]
[    0.000000] e820: [mem 0x40000000-0xfebfffff] available for PCI devices
[    0.000000] Booting paravirtualized kernel on KVM
[    0.000000] clocksource: refined-jiffies: mask: 0xffffffff max_cycles: 0xffffffff, max_idle_ns: 7645519600211568 ns
[    0.000000] setup_percpu: NR_CPUS:512 nr_cpumask_bits:512 nr_cpu_ids:2 nr_node_ids:1
[    0.000000] PERCPU: Embedded 33 pages/cpu @ffff88003fc00000 s95192 r8192 d31784 u1048576
[    0.000000] Built 1 zonelists in Node order, mobility grouping on.  Total pages: 257912
[    0.000000] Policy zone: DMA32
[    0.000000] Kernel command line: BOOT_IMAGE=/boot/vmlinuz-4.4.0-210-generic root=LABEL=cloudimg-rootfs ro console=tty1 console=ttyS0
[    0.000000] PID hash table entries: 4096 (order: 3, 32768 bytes)
[    0.000000] Memory: 997792K/1048120K available (8644K kernel code, 1332K rwdata, 4044K rodata, 1492K init, 1164K bss, 50328K reserved, 0K cma-reserved)
[    0.000000] SLUB: HWalign=64, Order=0-3, MinObjects=0, CPUs=2, Nodes=1
[    0.000000] Hierarchical RCU implementation.
[    0.000000] 	Build-time adjustment of leaf fanout to 64.
[    0.000000] 	RCU restricting CPUs from NR_CPUS=512 to nr_cpu_ids=2.
[    0.000000] RCU: Adjusting geometry for rcu_fanout_leaf=64, nr_cpu_ids=2
[    0.000000] NR_IRQS:33024 nr_irqs:440 16
[    0.000000] Console: colour VGA+ 80x25
[    0.000000] console [tty1] enabled
[    0.000000] console [ttyS0] enabled
[    0.000000] tsc: Detected 1190.403 MHz processor
[    1.461556] Calibrating delay loop (skipped) preset value.. 2380.80 BogoMIPS (lpj=4761612)
[    1.497632] pid_max: default: 32768 minimum: 301
[    1.514448] ACPI: Core revision 20150930
[    1.532261] ACPI: 2 ACPI AML tables successfully acquired and loaded
[    1.560682] Security Framework initialized
[    1.578369] Yama: becoming mindful.
[    1.592010] AppArmor: AppArmor initialized
[    1.609240] Dentry cache hash table entries: 131072 (order: 8, 1048576 bytes)
[    1.660999] Inode-cache hash table entries: 65536 (order: 7, 524288 bytes)
[    1.704422] Mount-cache hash table entries: 2048 (order: 2, 16384 bytes)
[    1.723094] Mountpoint-cache hash table entries: 2048 (order: 2, 16384 bytes)
[    1.750766] Initializing cgroup subsys io
[    1.762634] Initializing cgroup subsys memory
[    1.775030] Initializing cgroup subsys devices
[    1.785820] Initializing cgroup subsys freezer
[    1.799269] Initializing cgroup subsys net_cls
[    1.813028] Initializing cgroup subsys perf_event
[    1.825182] Initializing cgroup subsys net_prio
[    1.839511] Initializing cgroup subsys hugetlb
[    1.854600] Initializing cgroup subsys pids
[    1.871913] mce: CPU supports 0 MCE banks
[    1.886194] Last level iTLB entries: 4KB 0, 2MB 0, 4MB 0
[    1.903272] Last level dTLB entries: 4KB 0, 2MB 0, 4MB 0, 1GB 0
[    1.920116] Spectre V1 : Mitigation: usercopy/swapgs barriers and __user pointer sanitization
[    1.946466] Spectre V2 : Mitigation: Enhanced IBRS
[    1.958527] Spectre V2 : Spectre v2 / SpectreRSB mitigation: Filling RSB on context switch
[    1.983438] Speculative Store Bypass: Vulnerable
[    2.088435] Freeing SMP alternatives memory: 36K
[    2.306144] ftrace: allocating 32380 entries in 127 pages
[    3.642931] smpboot: APIC(0) Converting physical 0 to logical package 0
[    3.668979] smpboot: Max logical packages: 1
[    3.712991] ..TIMER: vector=0x30 apic1=0 pin1=2 apic2=-1 pin2=-1
[    3.837741] smpboot: CPU0: Intel(R) Core(TM) i5-1035G1 CPU @ 1.00GHz (family: 0x6, model: 0x7e, stepping: 0x5)
[    3.865710] Performance Events: unsupported p6 CPU model 126 no PMU driver, software events only.
[    4.096931] KVM setup paravirtual spinlock
[    4.116486] x86: Booting SMP configuration:
[    4.124996] .... node  #0, CPUs:      #1
[    4.138398] kvm-clock: cpu 1, msr 0:3ffe3041, secondary cpu clock
[    4.153619] mce: CPU supports 0 MCE banks
[    4.162826] TSC synchronization [CPU#0 -> CPU#1]:
[    4.175101] Measured 29429 cycles TSC warp between CPUs, turning off TSC clock.
[    4.193181] tsc: Marking TSC unstable due to check_tsc_sync_source failed
[    0.929470] x86: Booted up 1 node, 2 CPUs
[    0.932007] smpboot: Total of 2 processors activated (4761.61 BogoMIPS)
[    0.948016] devtmpfs: initialized
[    0.956324] evm: security.selinux
[    0.960012] evm: security.SMACK64
[    0.964005] evm: security.SMACK64EXEC
[    0.968005] evm: security.SMACK64TRANSMUTE
[    0.972036] evm: security.SMACK64MMAP
[    0.980010] evm: security.ima
[    0.984006] evm: security.capability
[    0.988815] clocksource: jiffies: mask: 0xffffffff max_cycles: 0xffffffff, max_idle_ns: 7645041785100000 ns
[    0.992086] futex hash table entries: 512 (order: 3, 32768 bytes)
[    1.000631] pinctrl core: initialized pinctrl subsystem
[    1.004951] RTC time:  3:03:08, date: 11/01/21
[    1.010094] NET: Registered protocol family 16
[    1.024016] cpuidle: using governor ladder
[    1.040017] cpuidle: using governor menu
[    1.044230] PCCT header not found.
[    1.048201] ACPI: bus type PCI registered
[    1.052008] acpiphp: ACPI Hot Plug PCI Controller Driver version: 0.5
[    1.057166] PCI: Using configuration type 1 for base access
[    1.088566] ACPI: Added _OSI(Module Device)
[    1.092007] ACPI: Added _OSI(Processor Device)
[    1.096008] ACPI: Added _OSI(3.0 _SCP Extensions)
[    1.100006] ACPI: Added _OSI(Processor Aggregator Device)
[    1.110249] ACPI: Executed 1 blocks of module-level executable AML code
[    1.128197] ACPI: Interpreter enabled
[    1.132028] ACPI: (supports S0 S5)
[    1.136006] ACPI: Using IOAPIC for interrupt routing
[    1.140779] PCI: Using host bridge windows from ACPI; if necessary, use "pci=nocrs" and report a bug
[    1.164033] ACPI: PCI Root Bridge [PCI0] (domain 0000 [bus 00-ff])
[    1.168046] acpi PNP0A03:00: _OSC: OS supports [ASPM ClockPM Segments MSI]
[    1.176801] acpi PNP0A03:00: _OSC: not requesting OS control; OS requires [ExtendedConfig ASPM ClockPM MSI]
[    1.180049] acpi PNP0A03:00: fail to add MMCONFIG information, can't access extended PCI configuration space under this bridge.
[    1.185571] PCI host bridge to bus 0000:00
[    1.188010] pci_bus 0000:00: root bus resource [io  0x0000-0x0cf7 window]
[    1.192009] pci_bus 0000:00: root bus resource [io  0x0d00-0xffff window]
[    1.196009] pci_bus 0000:00: root bus resource [mem 0x000a0000-0x000bffff window]
[    1.200008] pci_bus 0000:00: root bus resource [mem 0x40000000-0xfdffffff window]
[    1.204016] pci_bus 0000:00: root bus resource [bus 00-ff]
[    1.227408] pci 0000:00:01.1: legacy IDE quirk: reg 0x10: [io  0x01f0-0x01f7]
[    1.228046] pci 0000:00:01.1: legacy IDE quirk: reg 0x14: [io  0x03f6]
[    1.232012] pci 0000:00:01.1: legacy IDE quirk: reg 0x18: [io  0x0170-0x0177]
[    1.236009] pci 0000:00:01.1: legacy IDE quirk: reg 0x1c: [io  0x0376]
[    1.324577] pci 0000:00:07.0: quirk: [io  0x4000-0x403f] claimed by PIIX4 ACPI
[    1.328088] pci 0000:00:07.0: quirk: [io  0x4100-0x410f] claimed by PIIX4 SMB
[    1.368652] ACPI: PCI Interrupt Link [LNKA] (IRQs 5 9 10 *11)
[    1.381077] ACPI: PCI Interrupt Link [LNKB] (IRQs 5 9 *10 11)
[    1.396469] ACPI: PCI Interrupt Link [LNKC] (IRQs 5 *9 10 11)
[    1.416451] ACPI: PCI Interrupt Link [LNKD] (IRQs 5 9 10 *11)
[    1.436496] ACPI: Enabled 2 GPEs in block 00 to 07
[    1.440643] vgaarb: setting as boot device: PCI:0000:00:02.0
[    1.444000] vgaarb: device added: PCI:0000:00:02.0,decodes=io+mem,owns=io+mem,locks=none
[    1.444010] vgaarb: loaded
[    1.448006] vgaarb: bridge control possible 0000:00:02.0
[    1.456382] SCSI subsystem initialized
[    1.464477] ACPI: bus type USB registered
[    1.468038] usbcore: registered new interface driver usbfs
[    1.472067] usbcore: registered new interface driver hub
[    1.476073] usbcore: registered new device driver usb
[    1.484678] PCI: Using ACPI for IRQ routing
[    1.493273] NetLabel: Initializing
[    1.496006] NetLabel:  domain hash size = 128
[    1.500005] NetLabel:  protocols = UNLABELED CIPSOv4
[    1.504036] NetLabel:  unlabeled traffic allowed by default
[    1.508514] amd_nb: Cannot enumerate AMD northbridges
[    1.512681] clocksource: Switched to clocksource kvm-clock
[    1.532242] AppArmor: AppArmor Filesystem Enabled
[    1.532242] pnp: PnP ACPI init
[    1.532242] pnp: PnP ACPI: found 3 devices
[    1.725819] clocksource: acpi_pm: mask: 0xffffff max_cycles: 0xffffff, max_idle_ns: 2085701024 ns
[    1.728587] NET: Registered protocol family 2
[    1.764769] TCP established hash table entries: 8192 (order: 4, 65536 bytes)
[    1.782753] TCP bind hash table entries: 8192 (order: 5, 131072 bytes)
[    1.786035] TCP: Hash tables configured (established 8192 bind 8192)
[    1.786035] UDP hash table entries: 512 (order: 2, 16384 bytes)
[    1.786035] UDP-Lite hash table entries: 512 (order: 2, 16384 bytes)
[    1.786035] NET: Registered protocol family 1
[    1.786035] pci 0000:00:00.0: Limiting direct PCI/PCI transfers
[    1.786035] pci 0000:00:01.0: Activating ISA DMA hang workarounds
[    1.786035] Unpacking initramfs...
[    2.952355] Freeing initrd memory: 14888K
[    2.964002] clocksource: tsc: mask: 0xffffffffffffffff max_cycles: 0x1128b1be6ad, max_idle_ns: 440795207191 ns
[    2.989600] platform rtc_cmos: registered platform RTC device (no PNP device found)
[    3.005228] Scanning for low memory corruption every 60 seconds
[    3.023320] audit: initializing netlink subsys (disabled)
[    3.036966] audit: type=2000 audit(1635735795.471:1): initialized
[    3.053060] Initialise system trusted keyring
[    3.067453] HugeTLB registered 2 MB page size, pre-allocated 0 pages
[    3.094568] zbud: loaded
[    3.104617] VFS: Disk quotas dquot_6.6.0
[    3.119258] VFS: Dquot-cache hash table entries: 512 (order 0, 4096 bytes)
[    3.141019] squashfs: version 4.0 (2009/01/31) Phillip Lougher
[    3.161245] fuse init (API version 7.23)
[    3.172319] Key type big_key registered
[    3.175964] Allocating IMA MOK and blacklist keyrings.
[    3.223487] Key type asymmetric registered
[    3.233753] Asymmetric key parser 'x509' registered
[    3.244346] Block layer SCSI generic (bsg) driver version 0.4 loaded (major 249)
[    3.261438] io scheduler noop registered
[    3.269576] io scheduler deadline registered (default)
[    3.280340] io scheduler cfq registered
[    3.290298] pci_hotplug: PCI Hot Plug PCI Core version: 0.5
[    3.302383] pciehp: PCI Express Hot Plug Controller Driver version: 0.4
[    3.319233] ACPI: AC Adapter [AC] (off-line)
[    3.330411] input: Power Button as /devices/LNXSYSTM:00/LNXPWRBN:00/input/input0
[    3.345244] ACPI: Power Button [PWRF]
[    3.354667] input: Sleep Button as /devices/LNXSYSTM:00/LNXSLPBN:00/input/input1
[    3.371741] ACPI: Sleep Button [SLPF]
[    3.383394] GHES: HEST is not enabled!
[    3.387346] ACPI: Battery Slot [BAT0] (battery present)
[    3.409301] Serial: 8250/16550 driver, 32 ports, IRQ sharing enabled
[    3.460891] 00:02: ttyS0 at I/O 0x3f8 (irq = 4, base_baud = 115200) is a 16550A
[    3.515837] Linux agpgart interface v0.103
[    3.559578] loop: module loaded
[    3.573060] scsi host0: ata_piix
[    3.584935] scsi host1: ata_piix
[    3.593849] ata1: PATA max UDMA/33 cmd 0x1f0 ctl 0x3f6 bmdma 0xd000 irq 14
[    3.597611] ata2: PATA max UDMA/33 cmd 0x170 ctl 0x376 bmdma 0xd008 irq 15
[    3.627586] libphy: Fixed MDIO Bus: probed
[    3.639850] tun: Universal TUN/TAP device driver, 1.6
[    3.653254] tun: (C) 1999-2004 Max Krasnyansky <maxk@qualcomm.com>
[    3.671053] PPP generic driver version 2.4.2
[    3.683044] ehci_hcd: USB 2.0 'Enhanced' Host Controller (EHCI) Driver
[    3.699549] ehci-pci: EHCI PCI platform driver
[    3.711142] ehci-platform: EHCI generic platform driver
[    3.724673] ohci_hcd: USB 1.1 'Open' Host Controller (OHCI) Driver
[    3.740625] ohci-pci: OHCI PCI platform driver
[    3.751945] ohci-platform: OHCI generic platform driver
[    3.755785] uhci_hcd: USB Universal Host Controller Interface driver
[    3.780001] i8042: PNP: PS/2 Controller [PNP0303:PS2K,PNP0f03:PS2M] at 0x60,0x64 irq 1,12
[    3.860845] serio: i8042 KBD port at 0x60,0x64 irq 1
[    3.874776] serio: i8042 AUX port at 0x60,0x64 irq 12
[    3.915971] mousedev: PS/2 mouse device common for all mice
[    3.936449] rtc_cmos rtc_cmos: rtc core: registered rtc_cmos as rtc0
[    3.950958] input: AT Translated Set 2 keyboard as /devices/platform/i8042/serio0/input/input2
[    3.971093] rtc_cmos rtc_cmos: alarms up to one day, 114 bytes nvram
[    3.987824] i2c /dev entries driver
[    4.003338] device-mapper: uevent: version 1.0.3
[    4.021285] device-mapper: ioctl: 4.34.0-ioctl (2015-10-28) initialised: dm-devel@redhat.com
[    4.051218] ledtrig-cpu: registered to indicate activity on CPUs
[    4.067351] NET: Registered protocol family 10
[    4.078553] NET: Registered protocol family 17
[    4.088533] Key type dns_resolver registered
[    4.100041] registered taskstats version 1
[    4.110937] Loading compiled-in X.509 certificates
[    4.124334] Loaded X.509 cert 'Build time autogenerated kernel key: cf00e047681d67edb2720680708b7d9498083038'
[    4.146609] zswap: loaded using pool lzo/zbud
[    4.167625] Key type trusted registered
[    4.193637] Key type encrypted registered
[    4.205250] AppArmor: AppArmor sha1 policy hashing enabled
[    4.220833] ima: No TPM chip found, activating TPM-bypass!
[    4.236892] ima: Allocated hash algorithm: sha1
[    4.250589] evm: HMAC attrs: 0x1
[    4.268756]   Magic number: 13:931:56
[    4.281698] input mice: hash matches
[    4.294995] rtc_cmos rtc_cmos: setting system clock to 2021-11-01 03:03:13 UTC (1635735793)
[    4.322093] BIOS EDD facility v0.16 2004-Jun-25, 0 devices found
[    4.339226] EDD information not available.
[    4.353367] Freeing unused kernel memory: 1492K
[    4.367618] Write protecting the kernel read-only data: 14336k
[    4.385378] Freeing unused kernel memory: 1584K
[    4.398383] Freeing unused kernel memory: 52K
Loading, please wait...
starting version 229
[    4.465989] random: systemd-udevd: uninitialized urandom read (16 bytes read, 6 bits of entropy available)
[    4.466070] random: udevadm: uninitialized urandom read (16 bytes read, 6 bits of entropy available)
[    4.466127] random: udevadm: uninitialized urandom read (16 bytes read, 6 bits of entropy available)
[    4.503453] random: udevadm: uninitialized urandom read (16 bytes read, 6 bits of entropy available)
[    4.503667] random: udevadm: uninitialized urandom read (16 bytes read, 6 bits of entropy available)
[    4.504105] random: udevadm: uninitialized urandom read (16 bytes read, 6 bits of entropy available)
[    4.504748] random: udevadm: uninitialized urandom read (16 bytes read, 6 bits of entropy available)
[    4.504882] random: udevadm: uninitialized urandom read (16 bytes read, 6 bits of entropy available)
[    4.505122] random: udevadm: uninitialized urandom read (16 bytes read, 6 bits of entropy available)
[    4.505284] random: udevadm: uninitialized urandom read (16 bytes read, 6 bits of entropy available)
[    4.870155] Fusion MPT base driver 3.04.20
[    4.882658] Copyright (c) 1999-2008 LSI Corporation
[    4.918558] e1000: Intel(R) PRO/1000 Network Driver - version 7.3.21-k8-NAPI
[    4.940751] e1000: Copyright (c) 1999-2006 Intel Corporation.
[    5.009149] Fusion MPT SPI Host driver 3.04.20
[    5.348743] input: ImExPS/2 Generic Explorer Mouse as /devices/platform/i8042/serio1/input/input4
[    6.179689] e1000 0000:00:03.0 eth0: (PCI:33MHz:32-bit) 02:be:82:6b:cc:1d
[    6.198652] e1000 0000:00:03.0 eth0: Intel(R) PRO/1000 Network Connection
[    6.221088] mptbase: ioc0: Initiating bringup
[    6.306898] ioc0: LSI53C1030 A0: Capabilities={Initiator}
[    6.518992] scsi host2: ioc0: LSI53C1030 A0, FwRev=00000000h, Ports=1, MaxQ=256, IRQ=20
[    6.655102] scsi 2:0:0:0: Direct-Access     VBOX     HARDDISK         1.0  PQ: 0 ANSI: 5
[    6.671709] scsi target2:0:0: Beginning Domain Validation
[    6.705119] scsi target2:0:0: Domain Validation skipping write tests
[    6.719087] scsi target2:0:0: Ending Domain Validation
[    6.734932] scsi target2:0:0: asynchronous
[    6.752259] scsi 2:0:1:0: Direct-Access     VBOX     HARDDISK         1.0  PQ: 0 ANSI: 5
[    6.771741] scsi target2:0:1: Beginning Domain Validation
[    6.806523] scsi target2:0:1: Domain Validation skipping write tests
[    6.822128] scsi target2:0:1: Ending Domain Validation
[    6.835682] scsi target2:0:1: asynchronous
[    6.879103] sd 2:0:0:0: Attached scsi generic sg0 type 0
[    6.892787] sd 2:0:0:0: [sda] 83886080 512-byte logical blocks: (42.9 GB/40.0 GiB)
[    6.913237] sd 2:0:1:0: Attached scsi generic sg1 type 0
[    6.931293] sd 2:0:1:0: [sdb] 20480 512-byte logical blocks: (10.5 MB/10.0 MiB)
[    6.949819] sd 2:0:0:0: [sda] Write Protect is off
[    6.975650] sd 2:0:0:0: [sda] Incomplete mode parameter data
[    6.999341] sd 2:0:0:0: [sda] Assuming drive cache: write through
[    7.013755] sd 2:0:1:0: [sdb] Write Protect is off
[    7.027243] sd 2:0:1:0: [sdb] Incomplete mode parameter data
[    7.040910] sd 2:0:1:0: [sdb] Assuming drive cache: write through
[    7.115590]  sda: sda1
[    7.132981] sd 2:0:0:0: [sda] Attached SCSI disk
[    7.144404] sd 2:0:1:0: [sdb] Attached SCSI disk
[    7.965669] e1000 0000:00:08.0 eth1: (PCI:33MHz:32-bit) 08:00:27:a7:a6:32
[    7.979800] e1000 0000:00:08.0 eth1: Intel(R) PRO/1000 Network Connection
[    8.002360] e1000 0000:00:03.0 enp0s3: renamed from eth0
[    8.030195] e1000 0000:00:08.0 enp0s8: renamed from eth1
Begin: Loading essential drivers ... [   10.465172] md: linear personality registered for level -1
[   10.490038] md: multipath personality registered for level -4
[   10.513667] md: raid0 personality registered for level 0
[   10.560838] md: raid1 personality registered for level 1
[   10.652558] raid6: sse2x1   gen()  4556 MB/s
[   10.728637] raid6: sse2x1   xor()  3340 MB/s
[   10.808479] raid6: sse2x2   gen()  5874 MB/s
[   10.884356] raid6: sse2x2   xor()  4661 MB/s
[   10.960406] raid6: sse2x4   gen()  7139 MB/s
[   11.036109] raid6: sse2x4   xor()  4540 MB/s
[   11.046731] raid6: using algorithm sse2x4 gen() 7139 MB/s
[   11.059900] raid6: .... xor() 4540 MB/s, rmw enabled
[   11.072741] raid6: using ssse3x2 recovery algorithm
[   11.093550] xor: measuring software checksum speed
[   12.305334]    prefetch64-sse: -2133151.-296 MB/sec
[   16.326097]    generic_sse: 1998007.000 MB/sec
[   16.342267] xor: using function: generic_sse (1998007.000 MB/sec)
[   16.370457] async_tx: api initialized (async)
[   16.477000] md: raid6 personality registered for level 6
[   16.491844] md: raid5 personality registered for level 5
[   16.502834] md: raid4 personality registered for level 4
[   16.559341] md: raid10 personality registered for level 10
done.
Begin: Running /scripts/init-premount ... done.
Begin: Mounting root file system ... Begin: Running /scripts/local-top ... done.
Begin: Running /scripts/local-premount ... [   16.746088] Btrfs loaded
Scanning for Btrfs filesystems
done.
Warning: fsck not present, so skipping root file system
[   16.902779] EXT4-fs (sda1): mounted filesystem with ordered data mode. Opts: (null)
done.
Begin: Running /scripts/local-bottom ... done.
Begin: Running /scripts/init-bottom ... done.
[   17.409583] systemd[1]: systemd 229 running in system mode. (+PAM +AUDIT +SELINUX +IMA +APPARMOR +SMACK +SYSVINIT +UTMP +LIBCRYPTSETUP +GCRYPT +GNUTLS +ACL +XZ -LZ4 +SECCOMP +BLKID +ELFUTILS +KMOD -IDN)
[   17.446392] systemd[1]: Detected virtualization oracle.
[   17.460285] systemd[1]: Detected architecture x86-64.

Welcome to [1mUbuntu 16.04.7 LTS[0m!

[   17.513855] systemd[1]: Set hostname to <ubuntu>.
[   17.552414] systemd[1]: Initializing machine ID from random generator.
[   17.570556] systemd[1]: Installed transient /etc/machine-id file.
[   18.205888] systemd[1]: Listening on LVM2 poll daemon socket.
[[0;32m  OK  [0m] Listening on LVM2 poll daemon socket.
[   18.232285] systemd[1]: Created slice User and Session Slice.
[[0;32m  OK  [0m] Created slice User and Session Slice.
[   18.258036] systemd[1]: Started Trigger resolvconf update for networkd DNS.
[[0;32m  OK  [0m] Started Trigger resolvconf update for networkd DNS.
[   18.287783] systemd[1]: Reached target User and Group Name Lookups.
[[0;32m  OK  [0m] Reached target User and Group Name Lookups.
[   18.319292] systemd[1]: Listening on Syslog Socket.
[[0;32m  OK  [0m] Listening on Syslog Socket.
[   18.343059] systemd[1]: Listening on /dev/initctl Compatibility Named Pipe.
[[0;32m  OK  [0m] Listening on /dev/initctl Compatibility Named Pipe.
[   18.374365] systemd[1]: Created slice System Slice.
[[0;32m  OK  [0m] Created slice System Slice.
[   18.402986] systemd[1]: Created slice system-serial\x2dgetty.slice.
[[0;32m  OK  [0m] Created slice system-serial\x2dgetty.slice.
[   18.436778] systemd[1]: Listening on Journal Socket.
[[0;32m  OK  [0m] Listening on Journal Socket.
[   18.480706] systemd[1]: Starting Uncomplicated firewall...
         Starting Uncomplicated firewall...
[   18.532818] systemd[1]: Mounting Huge Pages File System...
[   18.549991] random: nonblocking pool is initialized
         Mounting Huge Pages File System...
[   18.584909] systemd[1]: Starting Load Kernel Modules...
         Starting Load Kernel Modules...
[   18.651679] Loading iSCSI transport class v2.0-870.
[   18.654134] systemd[1]: Starting Set console keymap...
         Starting Set console keymap...
[   18.718826] systemd[1]: Starting Nameserver information manager...
[   18.742746] iscsi: registered transport (tcp)
         Starting Nameserver information manager...
[   18.778269] systemd[1]: Mounting Debug File System...
         Mounting Debug File System...
[   18.819319] systemd[1]: Listening on Journal Socket (/dev/log).
[[0;32m  OK  [0m] Listening on Journal Socket (/dev/log).
[   18.847186] systemd[1]: Listening on udev Kernel Socket.
[[0;32m  OK  [0m] Listening on udev Kernel Socket.
[   18.870977] systemd[1]: Listening on LVM2 metadata daemon socket.
[[0;32m  OK  [0m] Listening on LVM2 metadata daemon socket.
[   18.901136] systemd[1]: Listening on udev Control Socket.
[[0;32m  OK  [0m] Listening on udev Control Socket.
[   18.924571] systemd[1]: Listening on Journal Audit Socket.
[[0;32m  OK  [0m] Listening on Journal Audit Socket.
[   18.986091] systemd[1]: Starting Journal Service...
         Starting Journal Service...
[   19.011147] systemd[1]: Reached target Encrypted Volumes.
[[0;32m  OK  [0m] Reached target Encrypted Volumes.
[   19.049484] systemd[1]: Set up automount Arbitrary Executable File Formats File System Automount Point.
[[0;32m  OK  [0m] Set up automount Arbitrary Executab...ats File System Automount Point.
[   19.090810] systemd[1]: Listening on fsck to fsckd communication Socket.
[[0;32m  OK  [0m] Listening on fsck to fsckd communication Socket.
[   19.157961] systemd[1]: Starting File System Check on Root Device...
[   19.179716] iscsi: registered transport (iser)
         Starting File System Check on Root Device...
[   19.206393] systemd[1]: Reached target Slices.
[   19.223169] systemd[1]: Reached target Swap.
[[0;32m  OK  [0m] Reached target Slices.
[[0;32m  OK  [0m] Reached target Swap.
[   19.249466] systemd[1]: Reached target System Time Synchronized.
[[0;32m  OK  [0m] Reached target System Time Synchronized.
[   19.289218] systemd[1]: Started Forward Password Requests to Wall Directory Watch.
[[0;32m  OK  [0m] Started Forward Password Requests to Wall Directory Watch.
[   19.345662] systemd[1]: Mounting POSIX Message Queue File System...
         Mounting POSIX Message Queue File System...
[   19.371131] systemd[1]: Starting Create list of required static device nodes for the current kernel...
         Starting Create list of required st... nodes for the current kernel...
[   19.405326] systemd[1]: Listening on Device-mapper event daemon FIFOs.
[[0;32m  OK  [0m] Listening on Device-mapper event daemon FIFOs.
[   19.436934] systemd[1]: Starting Monitoring of LVM2 mirrors, snapshots etc. using dmeventd or progress polling...
         Starting Monitoring of LVM2 mirrors... dmeventd or progress polling...
[   19.477728] systemd[1]: Mounted Huge Pages File System.
[[0;32m  OK  [0m] Mounted Huge Pages File System.
[   19.509100] systemd[1]: Mounted POSIX Message Queue File System.
[[0;32m  OK  [0m] Mounted POSIX Message Queue File System.
[   19.533907] systemd[1]: Mounted Debug File System.
[[0;32m  OK  [0m] Mounted Debug File System.
[   19.552706] systemd[1]: Started Journal Service.
[[0;32m  OK  [0m] Started Journal Service.
[[0;32m  OK  [0m] Started Uncomplicated firewall.
[[0;32m  OK  [0m] Started Load Kernel Modules.
[[0;32m  OK  [0m] Started Set console keymap.
[[0;32m  OK  [0m] Started File System Check on Root Device.
[[0;32m  OK  [0m] Started Create list of required sta...ce nodes for the current kernel.
[[0;32m  OK  [0m] Started Nameserver information manager.
[[0;32m  OK  [0m] Started LVM2 metadata daemon.
[[0;32m  OK  [0m] Started File System Check Daemon to report status.
         Starting Create Static Device Nodes in /dev...
         Starting Remount Root and Kernel File Systems...
         Starting Apply Kernel Variables...
[   19.844042] EXT4-fs (sda1): re-mounted. Opts: (null)
         Mounting FUSE Control File System...
[[0;32m  OK  [0m] Mounted FUSE Control File System.
[[0;32m  OK  [0m] Started Remount Root and Kernel File Systems.
[[0;32m  OK  [0m] Started Create Static Device Nodes in /dev.
[[0;32m  OK  [0m] Started Apply Kernel Variables.
         Starting udev Kernel Device Manager...
         Starting Load/Save Random Seed...
         Starting udev Coldplug all Devices...
         Starting Flush Journal to Persistent Storage...
[[0;32m  OK  [0m] Started Load/Save Random Seed.
[[0;32m  OK  [0m] Started Flush Journal to Persistent Storage.
[[0;32m  OK  [0m] Started udev Coldplug all Devices.
[[0;32m  OK  [0m] Started Monitoring of LVM2 mirrors,...ng dmeventd or progress polling.
[[0;32m  OK  [0m] Started udev Kernel Device Manager.
[[0;32m  OK  [0m] Reached target Local File Systems (Pre).
[[0;32m  OK  [0m] Reached target Local File Systems.
         Starting Initial cloud-init job (pre-networking)...
         Starting Tell Plymouth To Write Out Runtime Data...
         Starting LSB: AppArmor initialization...
         Starting Set console font and keymap...
         Starting Commit a transient machine-id on disk...
         Starting Create Volatile Files and Directories...
[[0;32m  OK  [0m] Started Dispatch Password Requests to Console Directory Watch.
[[0;32m  OK  [0m] Started Tell Plymouth To Write Out Runtime Data.
[[0;32m  OK  [0m] Started Commit a transient machine-id on disk.
[[0;32m  OK  [0m] Started Create Volatile Files and Directories.
         Starting Update UTMP about System Boot/Shutdown...
[[0;32m  OK  [0m] Started Update UTMP about System Boot/Shutdown.
[[0;32m  OK  [0m] Found device /dev/ttyS0.
[[0;32m  OK  [0m] Listening on Load/Save RF Kill Switch Status /dev/rfkill Watch.
[[0;32m  OK  [0m] Started LSB: AppArmor initialization.
[   26.025283] cloud-init[479]: Cloud-init v. 21.1-19-gbad84ad4-0ubuntu1~16.04.2 running 'init-local' at Mon, 01 Nov 2021 03:03:34 +0000. Up 24.98 seconds.
[[0;32m  OK  [0m] Started Initial cloud-init job (pre-networking).
[[0;32m  OK  [0m] Reached target Network (Pre).
         Starting Raise network interfaces...
         Starting Load AppArmor profiles managed internally by snapd...
[[0;32m  OK  [0m] Started Set console font and keymap.
[[0;32m  OK  [0m] Started Load AppArmor profiles managed internally by snapd.
[[0;32m  OK  [0m] Created slice system-getty.slice.
[[0;32m  OK  [0m] Started Raise network interfaces.
         Starting Initial cloud-init job (metadata service crawler)...
[[0;32m  OK  [0m] Reached target Network.
[   31.984413] cloud-init[953]: Cloud-init v. 21.1-19-gbad84ad4-0ubuntu1~16.04.2 running 'init' at Mon, 01 Nov 2021 03:03:39 +0000. Up 30.49 seconds.
[   32.014340] cloud-init[953]: ci-info: ++++++++++++++++++++++++++++++++++++++Net device info+++++++++++++++++++++++++++++++++++++++
[   32.037625] cloud-init[953]: ci-info: +--------+-------+----------------------------+---------------+--------+-------------------+
[   32.058420] cloud-init[953]: ci-info: | Device |   Up  |          Address           |      Mask     | Scope  |     Hw-Address    |
[   32.083527] [[0;32m  OK  [0m] Started Initial cloud-init job (metadata service crawler).
[[0;32m  OK  [0m] Reached target Cloud-config availability.
[[0;32m  OK  [0m] Reached target System Initialization.
[[0;32m  OK  [0m] Started Message of the Day.
[[0;32m  OK  [0m] Listening on ACPID Listen Socket.
         Starting Socket activation for snappy daemon.
[[0;32m  OK  [0m] Listening on UUID daemon activation socket.
[[0;32m  OK  [0m] Started Ubuntu Advantage update messaging.
[[0;32m  OK  [0m] Listening on D-Bus System Message Bus Socket.
[[0;32m  OK  [0m] Started Daily apt download activities.
cloud-init[953]: ci-info: +--------+-------+----------------------------+---------------+--------+-------------------+
[   32.145410] [[0;32m  OK  [0m] Started ACPI Events Check.
[[0;32m  OK  [0m] Reached target Paths.
[[0;32m  OK  [0m] Started Daily apt upgrade and clean activities.
cloud-init         Starting LXD - unix socket.
[[0;32m  OK  [0m] Started Daily Cleanup of Temporary Directories.
[[0;32m  OK  [0m] Reached target Timers.
[[0;32m  OK  [0m] Reached target Network is Online.
[953]: ci-info: | enp0s3 |  True |         10.0.2.15          | 255.255.255.0 | global | 02:be:82:6b:cc:1d |
[   32.191445]          Starting iSCSI initiator daemon (iscsid)...
[[0;32m  OK  [0m] Listening on Socket activation for snappy daemon.
[[0;32m  OK  [0m] Listening on LXD - unix socket.
[[0;32m  OK  [0m] Reached target Sockets.
[[0;32m  OK  [0m] Reached target Basic System.
         Starting LSB: MD monitoring daemon...
         Starting /etc/rc.local Compatibility...
         Starting Login Service...
[[0;32m  OK  [0m] Started Deferred execution scheduler.
         Starting Virtualbox guest utils...
[[0;32m  OK  [0m] Started ACPI event daemon.
cloud-init[953]:          Starting Pollinate to seed the pseudo random number generator...
         Starting System Logging Service...
         Starting LXD - container startup/shutdown...
         Starting LSB: Record successful boot for GRUB...
[[0;32m  OK  [0m] Started Regular background program processing daemon.
[[0;32m  OK  [0m] Started D-Bus System Message Bus.
ci-info: | enp0s3 |  True | fe80::be:82ff:fe6b:cc1d/64 |       .       |  link  | 02:be:82:6b:cc:1d |
[   32.420316] cloud-init[953]: ci-info: | enp0s8 | False |             .              |       .       |   .    | 08:00:27:a7:a6:32 |
[   32.482380] cloud-init[953]: ci-info: |   lo   |  True |         127.0.0.1          |   255.0.0.0   |  host  |         .         |
[   32.507697] cloud-init[953]: ci-info: |   lo   |  True |          ::1/128           |       .       |  host  |         .         |
[[   32.546438] cloud-init[953]: ci-info: +--------+-------+----------------------------+---------------+--------+-------------------+
[   32.547007] cloud-init[953]: ci-info: +++++++++++++++++++++++++++Route IPv4 info++++++++++++++++++++++++++++
[   32.547164] cloud-init[953]: ci-info: +-------+-------------+----------+---------------+-----------+-------+
[   32.549388] cloud-init[953]: ci-info: | Route | Destination | Gateway  |    Genmask    | Interface | Flags |
[   32.550361] cloud-init[953]: ci-info: +-------+-------------+----------+---------------+-----------+-------+
[   32.551261] cloud-init[953]: ci-info: |   0   |   0.0.0.0   | 10.0.2.2 |    0.0.0.0    |   enp0s3  |   UG  |
[   32.554170] cloud-init[953]: ci-info: |   1   |   10.0.2.0  | 0.0.0.0  | 255.255.255.0 |   enp0s3  |   U   |
[   32.555241] cloud-init[953]: ci-info: +-------+-------------+----------+---------------+-----------+-------+
[   32.556067] cloud-init[953]: ci-info: +++++++++++++++++++Route IPv6 info+++++++++++++++++++
[   32.558360] cloud-init[953]: ci-info: +-------+-------------+---------+-----------+-------+
[   32.559402] cloud-init[953]: ci-info: | Route | Destination | Gateway | Interface | Flags |
[   32.559533] cloud-init[953]: ci-info: +-------+-------------+---------+-----------+-------+
[   32.559668] cloud-init[953]: ci-info: |   0   |  fe80::/64  |    ::   |   enp0s3  |   U   |
[   32.562540] cloud-init[953]: ci-info: |   3   |   ff00::/8  |    ::   |   enp0s3  |   U   |
[   32.562964] cloud-init[953]: ci-info: +-------+-------------+---------+-----------+-------+
[   32.564093] cloud-init[953]: Generating public/private rsa key pair.
[   32.566329] cloud-init[953]: Your identification has been saved in /etc/ssh/ssh_host_rsa_key.
[   32.567298] cloud-init[953]: Your public key has been saved in /etc/ssh/ssh_host_rsa_key.pub.
[   32.569309] cloud-init[953]: The key fingerprint is:
[   32.570246] cloud-init[953]: SHA256:1fwSrv7v9HUyBb6M0RjPf7zT9b1YkIaCFi9ero6gOyA root@ubuntu-xenial
[   32.571466] cloud-init[953]: The key's randomart image is:
[   32.573560] cloud-init[953]: +---[RSA 2048]----+
[   32.574691] cloud-init[953]: |                 |
[   32.576084] cloud-init[953]: |           o     |
[   32.578368] cloud-init[953]: |       .  . = .  |
[   32.579396] cloud-init[953]: |        +. ..X.. |
[   32.579455] cloud-init[953]: |       +S+ .=+* .|
[   32.579504] cloud-init[953]: |E     o + ...=.=.|
[   32.579552] cloud-init[953]: |o  .   . .. . *.@|
[   32.579600] cloud-init[953]: | .. . . ..   .o=O|
[   32.579649] cloud-init[953]: | oo  ..o  ...+oo+|
[   32.590190] cloud-init[953]: +----[SHA256]-----+
[   32.601000] cloud-init[953]: Generating public/private dsa key pair.
[   32.613218] cloud-init[953]: Your identification has been saved in /etc/ssh/ssh_host_dsa_key.
[   32.614134] cloud-init[953]: Your public key has been saved in /etc/ssh/ssh_host_dsa_key.pub.
[   32.615007] cloud-init[953]: The key fingerprint is:
[   32.615876] cloud-init[953]: SHA256:jvtR7ZhFwatEr/jA03w6jg+UGLC5Z9bTVdQtf1X2BBI root@ubuntu-xenial
[   32.630063] cloud-init[953]: The key's randomart image is:
[   32.641289] cloud-init[953]: +---[DSA 1024]----+
[   32.642172] cloud-init[953]: |    .      .Eo+o*|
[   32.646706] cloud-init[953]: |     +    . .+.o=|
[   32.647612] cloud-init[953]: |    o .  . .o. oo|
[   32.649651] cloud-init[953]: |     . + o.+o   o|
[   32.650642] cloud-init[953]: |    . =.S=ooo   .|
[   32.651543] cloud-init[953]: |     + +=o==.    |
[0;32m  OK  [0m] Started FUSE filesystem for LXC.
[   32.663524] cloud-init[953]: |      . ++oo.    |
         Starting Accounts Service...
[   32.829953] cloud-init[953]: |       . ++      |         Starting Snap Daemon...
[[0;32m  OK  [0m] Started System Logging Service.
[[0;32m  OK  [0m] Started /etc/rc.local Compatibility.

[[0;32m  OK  [0m] Started Login Service.
[   32.887251] [[0;32m  OK  [0m] Started Unattended Upgrades Shutdown.
[[0;32m  OK  [0m] Started iSCSI initiator daemon (iscsid).
         Starting Login to default iSCSI targets...
cloud-init[953]: |      ..ooo.     |
[   32.965685] cloud-init[953]: +----[SHA256]-----+
[   33.034653] cloud-init[953]: Generating public/private ecdsa key pair.
[[0;32m  OK  [0m] Started LSB: Record successful boot for GRUB.
[[0;32m  OK  [0m] Started Login to default iSCSI targets.
[[0;32m  OK  [0m] Reached target Remote File Systems (Pre).
[[0;32m  OK  [0m] Reached target Remote File Systems.
[   33.101559] cloud-init[953]: Your identification has been saved in /etc/ssh/ssh_host_ecdsa_key.
         Starting LSB: Set the CPU Frequency Scaling governor to "ondemand"...
         Starting LSB: daemon to balance interrupts for SMP systems...
         Starting LSB: automatic crash report generation...
[   33.228834] cloud-init[953]: Your public key has been saved in /etc/ssh/ssh_host_ecdsa_key.pub.
         Starting Permit User Sessions...
[[0;32m  OK  [0m] Started LXD - container startup/shutdown.
[   33.356934] cloud-init[953]: The key fingerprint is:
         Starting Authenticate and Authorize Users to Run Privileged Tasks...
[   33.421670] cloud-init[953]: SHA256:gTBz7Z9uavFHQr8FVQzlQ3PL921Q5KFpINhknmrHD+M root@ubuntu-xenial
[   33.458382] cloud-init[953]: The key's randomart image is:
[[0;32m  OK  [0m] Started Permit User Sessions.
[   33.512051] cloud-init[953]: +---[ECDSA 256]---+
         Starting Hold until boot process finishes up...
[   33.558660] cloud-init[953]: |    + ..++ .  .X*|
         Starting Terminate Plymouth Boot Screen...
[[0;32m  OK  [0m] Started LSB: MD monitoring daemon.
[[0;32m  OK  [0m] Started LSB: Set the CPU Frequency Scaling governor to "ondemand".
[[0;32m  OK  [0m] Started Terminate Plymouth Boot Screen.
[   33.610502] [[0;32m  OK  [0m] Started Hold until boot process finishes up.
cloud-init[953]: |     = o+.o . *+*|
         Starting Set console scheme...
[[0;32m  OK  [0m] Started Getty on tty1.
[[0;32m  OK  [0m] Started Serial Getty on ttyS0.
[[0;32m  OK  [0m] Reached target Login Prompts.
[[0;32m  OK  [0m] Started Set console scheme.
[   33.739996] cloud-init[953]: |      ...o   =.++|
[   33.822473] cloud-init[953]: |        +.. o  .=|
[   33.884063] cloud-init[953]: |       oSB o .  +|
[   33.919960] cloud-init[953]: |      . + B o .. |
[   33.934382] cloud-init[953]: |         E + o   |
[   33.956658] cloud-init[953]: |        . + o    |
[   33.981678] cloud-init[953]: |       ..o .     |
[[0;32m  OK  [0m] Started Authenticate and Authorize Users to Run Privileged Tasks.
[   34.021100] cloud-init[953]: +----[SHA256]-----+
[   34.058822] [[0;32m  OK  [0m] Started Accounts Service.
cloud-init[953]: [[0;32m  OK  [0m] Started LSB: daemon to balance interrupts for SMP systems.
Generating public/private ed25519 key pair.
[   34.141706] cloud-init[953]: Your identification has been saved in /etc/ssh/ssh_host_ed25519_key.
[   34.162959] cloud-init[953]: Your public key has been saved in /etc/ssh/ssh_host_ed25519_key.pub.
[   34.236615] [[0;32m  OK  [0m] Started Virtualbox guest utils.
cloud-init[[0;32m  OK  [0m] Started LSB: automatic crash report generation.
[953]: The key fingerprint is:
[   34.317549] cloud-init[953]: SHA256:2HbgN0HgTQvJJF8EPUsb6kdheGF59UnMn3YYdAqNs3w root@ubuntu-xenial
[   34.409192] cloud-init[953]: The key's randomart image is:
[   34.433106] cloud-init[953]: +--[ED25519 256]--+
[   34.461227] cloud-init[953]: |      .o=BBo.==..|
[   34.475210] cloud-init[953]: |       ++BX.+.+*.|
[   34.534805] cloud-init[953]: |        +=+O o.++|
[   34.577012] cloud-init[953]: |       +..+.o Eoo|
[   34.621341] cloud-init[953]: |      ..S.+  .. .|
[   34.649070] cloud-init[953]: |       ..o..     |
[   34.683194] cloud-init[953]: |         .       |
[   34.723043] cloud-init[953]: |                 |
[   34.782881] cloud-init[953]: |                 |
[   34.819546] cloud-init[953]: +----[SHA256]-----+
[[0;32m  OK  [0m] Started Snap Daemon.
         Starting Wait until snapd is fully seeded...
[[0;32m  OK  [0m] Started Wait until snapd is fully seeded.
         Starting Apply the settings specified in cloud-config...
[   37.046011] cloud-init[1282]: Generating locales (this might take a while)...
[[0;32m  OK  [0m] Started Pollinate to seed the pseudo random number generator.
         Starting OpenBSD Secure Shell server...
[[0;32m  OK  [0m] Started OpenBSD Secure Shell server.
[[0;32m  OK  [0m] Reached target Multi-User System.
[[0;32m  OK  [0m] Reached target Graphical Interface.
         Starting Update UTMP about System Runlevel Changes...
[[0;32m  OK  [0m] Started Update UTMP about System Runlevel Changes.

Ubuntu 16.04.7 LTS ubuntu-xenial ttyS0

ubuntu-xenial login: [   41.532427] cloud-init[1282]:   en_US.UTF-8... done
[   41.548247] cloud-init[1282]: Generation complete.
[   42.951758] cloud-init[1282]: Cloud-init v. 21.1-19-gbad84ad4-0ubuntu1~16.04.2 running 'modules:config' at Mon, 01 Nov 2021 03:03:45 +0000. Up 36.73 seconds.
ci-info: no authorized SSH keys fingerprints found for user ubuntu.
<14>Nov  1 03:03:53 ec2: 
<14>Nov  1 03:03:53 ec2: #############################################################
<14>Nov  1 03:03:53 ec2: -----BEGIN SSH HOST KEY FINGERPRINTS-----
<14>Nov  1 03:03:53 ec2: 1024 SHA256:jvtR7ZhFwatEr/jA03w6jg+UGLC5Z9bTVdQtf1X2BBI root@ubuntu-xenial (DSA)
<14>Nov  1 03:03:53 ec2: 256 SHA256:gTBz7Z9uavFHQr8FVQzlQ3PL921Q5KFpINhknmrHD+M root@ubuntu-xenial (ECDSA)
<14>Nov  1 03:03:53 ec2: 256 SHA256:2HbgN0HgTQvJJF8EPUsb6kdheGF59UnMn3YYdAqNs3w root@ubuntu-xenial (ED25519)
<14>Nov  1 03:03:53 ec2: 2048 SHA256:1fwSrv7v9HUyBb6M0RjPf7zT9b1YkIaCFi9ero6gOyA root@ubuntu-xenial (RSA)
<14>Nov  1 03:03:53 ec2: -----END SSH HOST KEY FINGERPRINTS-----
<14>Nov  1 03:03:53 ec2: #############################################################
-----BEGIN SSH HOST KEY KEYS-----
ecdsa-sha2-nistp256 AAAAE2VjZHNhLXNoYTItbmlzdHAyNTYAAAAIbmlzdHAyNTYAAABBBADSlmMmI9gq2poU62uj/QoKui9E6CRW5RgKKwv7aT/HHGj9XSBlmXz3XmXliNQY23TN1xyJKv7z438v7hwoMxo= root@ubuntu-xenial
ssh-ed25519 AAAAC3NzaC1lZDI1NTE5AAAAIKHKEX1yKm/T9vDGhTgsgm2CwuEDUqDzkIUlVtirrhZu root@ubuntu-xenial
ssh-rsa AAAAB3NzaC1yc2EAAAADAQABAAABAQDUhFuOPYmb5ftXQskSmTcVS7vYIed1egw2aURwlpxrriORi3NpsiSM/gQw3Xu94M34gOD4RLRmS2WFUjVUEaMZQEQQjePH3DZzsL2G93KXbT3Qq7npoBrEgzR+pg3zSMbuN6jVGWRHpxbbyaYaknWwbTN+7jPE8vzq6KxLCCqjuBrONjFV3smTxT5LYLvpsZbmJ95yh9vZ1rBxKaYoMDLfcnpe+sL9ZyZwmKvyQuK0tjfN1rqOLgifx0cND98yaqZLJKiGZfA8ezYmAVkrpozLcxH5PzeMibG82CQMgbdO34p2TWqerBokDyaoPXP82gGTyaEYCec64DHl3yQ8a3yz root@ubuntu-xenial
-----END SSH HOST KEY KEYS-----
[   44.463970] cloud-init[1484]: Cloud-init v. 21.1-19-gbad84ad4-0ubuntu1~16.04.2 running 'modules:final' at Mon, 01 Nov 2021 03:03:53 +0000. Up 43.89 seconds.
[   44.466503] cloud-init[1484]: ci-info: no authorized SSH keys fingerprints found for user ubuntu.
[ 2359.034729] INFO: rcu_sched self-detected stall on CPU
[ 2359.038609] 	0-...: (1 ticks this GP) idle=ca1/1/0 softirq=41248/41248 fqs=0 
[ 2359.038609] 	 (t=21873 jiffies g=17434 c=17433 q=24)
[ 2359.038609] rcu_sched kthread starved for 21873 jiffies! g17434 c17433 f0x0 s3 ->state=0x1
g15477 c15476 f0x0 s3 ->state=0x1

[ 1418.766220] 	1-...: (1 ticks this GP) idle=601/140000000000001/0 softirq=33201/33201 fqs=2 
[ 1418.766220] 	 (t=46407 jiffies g=15477 c=15476 q=163)
